2021-09-26T18:10:56+08:00[36m [INFO] [0mrename table c_form_formset success (/home/bonbon/golang/github.com/maborosii/oamigrate/importdata/preimport.go:158 oamigrate/importdata.renameTable)
2021-09-26T18:10:56+08:00[36m [INFO] [0mrename table c_form_maininfo success (/home/bonbon/golang/github.com/maborosii/oamigrate/importdata/preimport.go:158 oamigrate/importdata.renameTable)
2021-09-26T18:10:56+08:00[36m [INFO] [0mrename table c_form_tree_def success (/home/bonbon/golang/github.com/maborosii/oamigrate/importdata/preimport.go:158 oamigrate/importdata.renameTable)
2021-09-26T18:10:56+08:00[36m [INFO] [0mrename table wf_action success (/home/bonbon/golang/github.com/maborosii/oamigrate/importdata/preimport.go:158 oamigrate/importdata.renameTable)
2021-09-26T18:10:56+08:00[36m [INFO] [0mrename table wf_flow_def success (/home/bonbon/golang/github.com/maborosii/oamigrate/importdata/preimport.go:158 oamigrate/importdata.renameTable)
2021-09-26T18:10:56+08:00[36m [INFO] [0mrename table wf_right_def success (/home/bonbon/golang/github.com/maborosii/oamigrate/importdata/preimport.go:158 oamigrate/importdata.renameTable)
2021-09-26T18:10:56+08:00[36m [INFO] [0mrename table wf_step_def success (/home/bonbon/golang/github.com/maborosii/oamigrate/importdata/preimport.go:158 oamigrate/importdata.renameTable)
2021-09-26T18:10:56+08:00[36m [INFO] [0mrename table wf_tree_def success (/home/bonbon/golang/github.com/maborosii/oamigrate/importdata/preimport.go:158 oamigrate/importdata.renameTable)
2021-09-26T18:10:56+08:00[36m [INFO] [0mrename all table transaction committed (/home/bonbon/golang/github.com/maborosii/oamigrate/importdata/preimport.go:160 oamigrate/importdata.renameTable)
2021-09-26T18:11:00+08:00[36m [INFO] [0mdrop backup tables successs (/home/bonbon/golang/github.com/maborosii/oamigrate/importdata/preimport.go:124 oamigrate/importdata.dropTables)
2021-09-26T18:11:00+08:00[36m [INFO] [0m/home/bonbon/golang/github.com/maborosii/oamigrate/sql/oamigrate/wf_tree_def.sql is processing (/home/bonbon/golang/github.com/maborosii/oamigrate/importdata/import.go:52 oamigrate/importdata.ImportTable.func1)
2021-09-26T18:11:00+08:00[36m [INFO] [0m/home/bonbon/golang/github.com/maborosii/oamigrate/sql/oamigrate/wf_tree_def.sql import success (/home/bonbon/golang/github.com/maborosii/oamigrate/importdata/import.go:58 oamigrate/importdata.ImportTable.func1)
2021-09-26T18:11:00+08:00[36m [INFO] [0m/home/bonbon/golang/github.com/maborosii/oamigrate/sql/oamigrate/c_form_tree_def.sql is processing (/home/bonbon/golang/github.com/maborosii/oamigrate/importdata/import.go:52 oamigrate/importdata.ImportTable.func1)
2021-09-26T18:11:00+08:00[36m [INFO] [0m/home/bonbon/golang/github.com/maborosii/oamigrate/sql/oamigrate/c_form_tree_def.sql import success (/home/bonbon/golang/github.com/maborosii/oamigrate/importdata/import.go:58 oamigrate/importdata.ImportTable.func1)
2021-09-26T18:11:00+08:00[36m [INFO] [0m/home/bonbon/golang/github.com/maborosii/oamigrate/sql/oamigrate/c_form_formset.sql is processing (/home/bonbon/golang/github.com/maborosii/oamigrate/importdata/import.go:52 oamigrate/importdata.ImportTable.func1)
2021-09-26T18:11:00+08:00[36m [INFO] [0m/home/bonbon/golang/github.com/maborosii/oamigrate/sql/oamigrate/c_form_formset.sql import success (/home/bonbon/golang/github.com/maborosii/oamigrate/importdata/import.go:58 oamigrate/importdata.ImportTable.func1)
2021-09-26T18:11:00+08:00[36m [INFO] [0m/home/bonbon/golang/github.com/maborosii/oamigrate/sql/oamigrate/c_form_maininfo.sql is processing (/home/bonbon/golang/github.com/maborosii/oamigrate/importdata/import.go:52 oamigrate/importdata.ImportTable.func1)
2021-09-26T18:11:01+08:00[36m [INFO] [0m/home/bonbon/golang/github.com/maborosii/oamigrate/sql/oamigrate/c_form_maininfo.sql import success (/home/bonbon/golang/github.com/maborosii/oamigrate/importdata/import.go:58 oamigrate/importdata.ImportTable.func1)
2021-09-26T18:11:01+08:00[36m [INFO] [0m/home/bonbon/golang/github.com/maborosii/oamigrate/sql/oamigrate/wf_flow_def.sql is processing (/home/bonbon/golang/github.com/maborosii/oamigrate/importdata/import.go:52 oamigrate/importdata.ImportTable.func1)
2021-09-26T18:11:01+08:00[36m [INFO] [0m/home/bonbon/golang/github.com/maborosii/oamigrate/sql/oamigrate/wf_flow_def.sql import success (/home/bonbon/golang/github.com/maborosii/oamigrate/importdata/import.go:58 oamigrate/importdata.ImportTable.func1)
2021-09-26T18:11:01+08:00[36m [INFO] [0m/home/bonbon/golang/github.com/maborosii/oamigrate/sql/oamigrate/wf_action.sql is processing (/home/bonbon/golang/github.com/maborosii/oamigrate/importdata/import.go:52 oamigrate/importdata.ImportTable.func1)
2021-09-26T18:11:02+08:00[36m [INFO] [0m/home/bonbon/golang/github.com/maborosii/oamigrate/sql/oamigrate/wf_action.sql import success (/home/bonbon/golang/github.com/maborosii/oamigrate/importdata/import.go:58 oamigrate/importdata.ImportTable.func1)
2021-09-26T18:11:02+08:00[36m [INFO] [0m/home/bonbon/golang/github.com/maborosii/oamigrate/sql/oamigrate/wf_right_def.sql is processing (/home/bonbon/golang/github.com/maborosii/oamigrate/importdata/import.go:52 oamigrate/importdata.ImportTable.func1)
2021-09-26T18:11:02+08:00[36m [INFO] [0m/home/bonbon/golang/github.com/maborosii/oamigrate/sql/oamigrate/wf_right_def.sql import success (/home/bonbon/golang/github.com/maborosii/oamigrate/importdata/import.go:58 oamigrate/importdata.ImportTable.func1)
2021-09-26T18:11:02+08:00[36m [INFO] [0m/home/bonbon/golang/github.com/maborosii/oamigrate/sql/oamigrate/wf_step_def.sql is processing (/home/bonbon/golang/github.com/maborosii/oamigrate/importdata/import.go:52 oamigrate/importdata.ImportTable.func1)
2021-09-26T18:11:03+08:00[36m [INFO] [0m/home/bonbon/golang/github.com/maborosii/oamigrate/sql/oamigrate/wf_step_def.sql import success (/home/bonbon/golang/github.com/maborosii/oamigrate/importdata/import.go:58 oamigrate/importdata.ImportTable.func1)
2021-09-26T18:12:48+08:00[36m [INFO] [0mrename table c_form_formset success (/home/bonbon/golang/github.com/maborosii/oamigrate/importdata/preimport.go:158 oamigrate/importdata.renameTable)
2021-09-26T18:12:48+08:00[36m [INFO] [0mrename table c_form_maininfo success (/home/bonbon/golang/github.com/maborosii/oamigrate/importdata/preimport.go:158 oamigrate/importdata.renameTable)
2021-09-26T18:12:48+08:00[36m [INFO] [0mrename table c_form_tree_def success (/home/bonbon/golang/github.com/maborosii/oamigrate/importdata/preimport.go:158 oamigrate/importdata.renameTable)
2021-09-26T18:12:48+08:00[36m [INFO] [0mrename table wf_action success (/home/bonbon/golang/github.com/maborosii/oamigrate/importdata/preimport.go:158 oamigrate/importdata.renameTable)
2021-09-26T18:12:48+08:00[36m [INFO] [0mrename table wf_flow_def success (/home/bonbon/golang/github.com/maborosii/oamigrate/importdata/preimport.go:158 oamigrate/importdata.renameTable)
2021-09-26T18:12:48+08:00[36m [INFO] [0mrename table wf_right_def success (/home/bonbon/golang/github.com/maborosii/oamigrate/importdata/preimport.go:158 oamigrate/importdata.renameTable)
2021-09-26T18:12:48+08:00[36m [INFO] [0mrename table wf_step_def success (/home/bonbon/golang/github.com/maborosii/oamigrate/importdata/preimport.go:158 oamigrate/importdata.renameTable)
2021-09-26T18:12:48+08:00[36m [INFO] [0mrename table wf_tree_def success (/home/bonbon/golang/github.com/maborosii/oamigrate/importdata/preimport.go:158 oamigrate/importdata.renameTable)
2021-09-26T18:12:48+08:00[36m [INFO] [0mrename all table transaction committed (/home/bonbon/golang/github.com/maborosii/oamigrate/importdata/preimport.go:160 oamigrate/importdata.renameTable)
2021-09-26T18:12:49+08:00[36m [INFO] [0mdrop backup tables successs (/home/bonbon/golang/github.com/maborosii/oamigrate/importdata/preimport.go:124 oamigrate/importdata.dropTables)
2021-09-26T18:12:49+08:00[36m [INFO] [0m/home/bonbon/golang/github.com/maborosii/oamigrate/sql/oamigrate/wf_tree_def.sql is processing (/home/bonbon/golang/github.com/maborosii/oamigrate/importdata/import.go:52 oamigrate/importdata.ImportTable.func1)
2021-09-26T18:12:50+08:00[36m [INFO] [0m/home/bonbon/golang/github.com/maborosii/oamigrate/sql/oamigrate/wf_tree_def.sql import success (/home/bonbon/golang/github.com/maborosii/oamigrate/importdata/import.go:58 oamigrate/importdata.ImportTable.func1)
2021-09-26T18:12:50+08:00[36m [INFO] [0m/home/bonbon/golang/github.com/maborosii/oamigrate/sql/oamigrate/c_form_formset.sql is processing (/home/bonbon/golang/github.com/maborosii/oamigrate/importdata/import.go:52 oamigrate/importdata.ImportTable.func1)
2021-09-26T18:12:50+08:00[36m [INFO] [0m/home/bonbon/golang/github.com/maborosii/oamigrate/sql/oamigrate/c_form_formset.sql import success (/home/bonbon/golang/github.com/maborosii/oamigrate/importdata/import.go:58 oamigrate/importdata.ImportTable.func1)
2021-09-26T18:12:50+08:00[36m [INFO] [0m/home/bonbon/golang/github.com/maborosii/oamigrate/sql/oamigrate/c_form_maininfo.sql is processing (/home/bonbon/golang/github.com/maborosii/oamigrate/importdata/import.go:52 oamigrate/importdata.ImportTable.func1)
2021-09-26T18:12:50+08:00[36m [INFO] [0m/home/bonbon/golang/github.com/maborosii/oamigrate/sql/oamigrate/c_form_maininfo.sql import success (/home/bonbon/golang/github.com/maborosii/oamigrate/importdata/import.go:58 oamigrate/importdata.ImportTable.func1)
2021-09-26T18:12:50+08:00[36m [INFO] [0m/home/bonbon/golang/github.com/maborosii/oamigrate/sql/oamigrate/c_form_tree_def.sql is processing (/home/bonbon/golang/github.com/maborosii/oamigrate/importdata/import.go:52 oamigrate/importdata.ImportTable.func1)
2021-09-26T18:12:50+08:00[36m [INFO] [0m/home/bonbon/golang/github.com/maborosii/oamigrate/sql/oamigrate/c_form_tree_def.sql import success (/home/bonbon/golang/github.com/maborosii/oamigrate/importdata/import.go:58 oamigrate/importdata.ImportTable.func1)
2021-09-26T18:12:50+08:00[36m [INFO] [0m/home/bonbon/golang/github.com/maborosii/oamigrate/sql/oamigrate/wf_action.sql is processing (/home/bonbon/golang/github.com/maborosii/oamigrate/importdata/import.go:52 oamigrate/importdata.ImportTable.func1)
2021-09-26T18:12:51+08:00[36m [INFO] [0m/home/bonbon/golang/github.com/maborosii/oamigrate/sql/oamigrate/wf_action.sql import success (/home/bonbon/golang/github.com/maborosii/oamigrate/importdata/import.go:58 oamigrate/importdata.ImportTable.func1)
2021-09-26T18:12:51+08:00[36m [INFO] [0m/home/bonbon/golang/github.com/maborosii/oamigrate/sql/oamigrate/wf_flow_def.sql is processing (/home/bonbon/golang/github.com/maborosii/oamigrate/importdata/import.go:52 oamigrate/importdata.ImportTable.func1)
2021-09-26T18:12:51+08:00[36m [INFO] [0m/home/bonbon/golang/github.com/maborosii/oamigrate/sql/oamigrate/wf_flow_def.sql import success (/home/bonbon/golang/github.com/maborosii/oamigrate/importdata/import.go:58 oamigrate/importdata.ImportTable.func1)
2021-09-26T18:12:51+08:00[36m [INFO] [0m/home/bonbon/golang/github.com/maborosii/oamigrate/sql/oamigrate/wf_right_def.sql is processing (/home/bonbon/golang/github.com/maborosii/oamigrate/importdata/import.go:52 oamigrate/importdata.ImportTable.func1)
2021-09-26T18:12:51+08:00[36m [INFO] [0m/home/bonbon/golang/github.com/maborosii/oamigrate/sql/oamigrate/wf_right_def.sql import success (/home/bonbon/golang/github.com/maborosii/oamigrate/importdata/import.go:58 oamigrate/importdata.ImportTable.func1)
2021-09-26T18:12:51+08:00[36m [INFO] [0m/home/bonbon/golang/github.com/maborosii/oamigrate/sql/oamigrate/wf_step_def.sql is processing (/home/bonbon/golang/github.com/maborosii/oamigrate/importdata/import.go:52 oamigrate/importdata.ImportTable.func1)
2021-09-26T18:12:52+08:00[36m [INFO] [0m/home/bonbon/golang/github.com/maborosii/oamigrate/sql/oamigrate/wf_step_def.sql import success (/home/bonbon/golang/github.com/maborosii/oamigrate/importdata/import.go:58 oamigrate/importdata.ImportTable.func1)
{"file":"/home/bonbon/golang/github.com/maborosii/oamigrate/importdata/preimport.go:154","func":"oamigrate/importdata.renameTable","level":"error","msg":"rename table c_form_formset occur error","time":"2021-09-26T18:31:06+08:00"}
{"file":"/home/bonbon/golang/github.com/maborosii/oamigrate/importdata/import.go:32","func":"oamigrate/importdata.ImportTable","level":"error","msg":"preTableHook occur err","time":"2021-09-26T18:31:06+08:00"}
{"file":"/home/bonbon/golang/github.com/maborosii/oamigrate/importdata/preimport.go:158","func":"oamigrate/importdata.renameTable","level":"info","msg":"rename table c_form_formset success","time":"2021-09-26T18:32:58+08:00"}
{"file":"/home/bonbon/golang/github.com/maborosii/oamigrate/importdata/preimport.go:158","func":"oamigrate/importdata.renameTable","level":"info","msg":"rename table c_form_maininfo success","time":"2021-09-26T18:32:58+08:00"}
{"file":"/home/bonbon/golang/github.com/maborosii/oamigrate/importdata/preimport.go:158","func":"oamigrate/importdata.renameTable","level":"info","msg":"rename table c_form_tree_def success","time":"2021-09-26T18:32:58+08:00"}
{"file":"/home/bonbon/golang/github.com/maborosii/oamigrate/importdata/preimport.go:158","func":"oamigrate/importdata.renameTable","level":"info","msg":"rename table wf_action success","time":"2021-09-26T18:32:58+08:00"}
{"file":"/home/bonbon/golang/github.com/maborosii/oamigrate/importdata/preimport.go:158","func":"oamigrate/importdata.renameTable","level":"info","msg":"rename table wf_flow_def success","time":"2021-09-26T18:32:58+08:00"}
{"file":"/home/bonbon/golang/github.com/maborosii/oamigrate/importdata/preimport.go:158","func":"oamigrate/importdata.renameTable","level":"info","msg":"rename table wf_right_def success","time":"2021-09-26T18:32:58+08:00"}
{"file":"/home/bonbon/golang/github.com/maborosii/oamigrate/importdata/preimport.go:158","func":"oamigrate/importdata.renameTable","level":"info","msg":"rename table wf_step_def success","time":"2021-09-26T18:32:58+08:00"}
{"file":"/home/bonbon/golang/github.com/maborosii/oamigrate/importdata/preimport.go:158","func":"oamigrate/importdata.renameTable","level":"info","msg":"rename table wf_tree_def success","time":"2021-09-26T18:32:58+08:00"}
{"file":"/home/bonbon/golang/github.com/maborosii/oamigrate/importdata/preimport.go:160","func":"oamigrate/importdata.renameTable","level":"info","msg":"rename all table transaction committed","time":"2021-09-26T18:32:58+08:00"}
{"file":"/home/bonbon/golang/github.com/maborosii/oamigrate/importdata/preimport.go:124","func":"oamigrate/importdata.dropTables","level":"info","msg":"drop backup tables successs","time":"2021-09-26T18:33:00+08:00"}
{"file":"/home/bonbon/golang/github.com/maborosii/oamigrate/importdata/import.go:52","func":"oamigrate/importdata.ImportTable.func1","level":"info","msg":"/home/bonbon/golang/github.com/maborosii/oamigrate/sql/oamigrate/wf_tree_def.sql is processing","time":"2021-09-26T18:33:00+08:00"}
{"file":"/home/bonbon/golang/github.com/maborosii/oamigrate/importdata/import.go:58","func":"oamigrate/importdata.ImportTable.func1","level":"info","msg":"/home/bonbon/golang/github.com/maborosii/oamigrate/sql/oamigrate/wf_tree_def.sql import success","time":"2021-09-26T18:33:00+08:00"}
{"file":"/home/bonbon/golang/github.com/maborosii/oamigrate/importdata/import.go:52","func":"oamigrate/importdata.ImportTable.func1","level":"info","msg":"/home/bonbon/golang/github.com/maborosii/oamigrate/sql/oamigrate/wf_action.sql is processing","time":"2021-09-26T18:33:00+08:00"}
{"file":"/home/bonbon/golang/github.com/maborosii/oamigrate/importdata/import.go:58","func":"oamigrate/importdata.ImportTable.func1","level":"info","msg":"/home/bonbon/golang/github.com/maborosii/oamigrate/sql/oamigrate/wf_action.sql import success","time":"2021-09-26T18:33:00+08:00"}
{"file":"/home/bonbon/golang/github.com/maborosii/oamigrate/importdata/import.go:52","func":"oamigrate/importdata.ImportTable.func1","level":"info","msg":"/home/bonbon/golang/github.com/maborosii/oamigrate/sql/oamigrate/c_form_formset.sql is processing","time":"2021-09-26T18:33:00+08:00"}
{"file":"/home/bonbon/golang/github.com/maborosii/oamigrate/importdata/import.go:58","func":"oamigrate/importdata.ImportTable.func1","level":"info","msg":"/home/bonbon/golang/github.com/maborosii/oamigrate/sql/oamigrate/c_form_formset.sql import success","time":"2021-09-26T18:33:00+08:00"}
{"file":"/home/bonbon/golang/github.com/maborosii/oamigrate/importdata/import.go:52","func":"oamigrate/importdata.ImportTable.func1","level":"info","msg":"/home/bonbon/golang/github.com/maborosii/oamigrate/sql/oamigrate/c_form_maininfo.sql is processing","time":"2021-09-26T18:33:00+08:00"}
{"file":"/home/bonbon/golang/github.com/maborosii/oamigrate/importdata/import.go:58","func":"oamigrate/importdata.ImportTable.func1","level":"info","msg":"/home/bonbon/golang/github.com/maborosii/oamigrate/sql/oamigrate/c_form_maininfo.sql import success","time":"2021-09-26T18:33:01+08:00"}
{"file":"/home/bonbon/golang/github.com/maborosii/oamigrate/importdata/import.go:52","func":"oamigrate/importdata.ImportTable.func1","level":"info","msg":"/home/bonbon/golang/github.com/maborosii/oamigrate/sql/oamigrate/c_form_tree_def.sql is processing","time":"2021-09-26T18:33:01+08:00"}
{"file":"/home/bonbon/golang/github.com/maborosii/oamigrate/importdata/import.go:58","func":"oamigrate/importdata.ImportTable.func1","level":"info","msg":"/home/bonbon/golang/github.com/maborosii/oamigrate/sql/oamigrate/c_form_tree_def.sql import success","time":"2021-09-26T18:33:01+08:00"}
{"file":"/home/bonbon/golang/github.com/maborosii/oamigrate/importdata/import.go:52","func":"oamigrate/importdata.ImportTable.func1","level":"info","msg":"/home/bonbon/golang/github.com/maborosii/oamigrate/sql/oamigrate/wf_right_def.sql is processing","time":"2021-09-26T18:33:01+08:00"}
{"file":"/home/bonbon/golang/github.com/maborosii/oamigrate/importdata/import.go:58","func":"oamigrate/importdata.ImportTable.func1","level":"info","msg":"/home/bonbon/golang/github.com/maborosii/oamigrate/sql/oamigrate/wf_right_def.sql import success","time":"2021-09-26T18:33:01+08:00"}
{"file":"/home/bonbon/golang/github.com/maborosii/oamigrate/importdata/import.go:52","func":"oamigrate/importdata.ImportTable.func1","level":"info","msg":"/home/bonbon/golang/github.com/maborosii/oamigrate/sql/oamigrate/wf_flow_def.sql is processing","time":"2021-09-26T18:33:01+08:00"}
{"file":"/home/bonbon/golang/github.com/maborosii/oamigrate/importdata/import.go:58","func":"oamigrate/importdata.ImportTable.func1","level":"info","msg":"/home/bonbon/golang/github.com/maborosii/oamigrate/sql/oamigrate/wf_flow_def.sql import success","time":"2021-09-26T18:33:01+08:00"}
{"file":"/home/bonbon/golang/github.com/maborosii/oamigrate/importdata/import.go:52","func":"oamigrate/importdata.ImportTable.func1","level":"info","msg":"/home/bonbon/golang/github.com/maborosii/oamigrate/sql/oamigrate/wf_step_def.sql is processing","time":"2021-09-26T18:33:01+08:00"}
{"file":"/home/bonbon/golang/github.com/maborosii/oamigrate/importdata/import.go:58","func":"oamigrate/importdata.ImportTable.func1","level":"info","msg":"/home/bonbon/golang/github.com/maborosii/oamigrate/sql/oamigrate/wf_step_def.sql import success","time":"2021-09-26T18:33:03+08:00"}
